/home/ec2-user/welcome.sh: line 1: hi: command not found
/home/ec2-user/welcome.sh: line 2: today: command not found
Sat Apr 10 07:00:01 UTC 2021
/home/ec2-user/welcome.sh: line 1: hi: command not found
/home/ec2-user/welcome.sh: line 2: today: command not found
Sat Apr 10 07:25:01 UTC 2021
/home/ec2-user/welcome.sh: line 1: hi: command not found
/home/ec2-user/welcome.sh: line 2: today: command not found
Sat Apr 10 07:50:01 UTC 2021
/home/ec2-user/welcome.sh: line 1: hi: command not found
/home/ec2-user/welcome.sh: line 2: today: command not found
Sat Apr 10 14:00:01 UTC 2021
/home/ec2-user/welcome.sh: line 1: hi: command not found
/home/ec2-user/welcome.sh: line 2: today: command not found
Sat Apr 10 14:25:01 UTC 2021
/home/ec2-user/welcome.sh: line 1: hi: command not found
/home/ec2-user/welcome.sh: line 2: today: command not found
Sat Apr 10 14:50:01 UTC 2021
/home/ec2-user/welcome.sh: line 1: hi: command not found
/home/ec2-user/welcome.sh: line 2: today: command not found
Sun Apr 11 14:50:01 UTC 2021
/home/ec2-user/welcome.sh: line 1: hi: command not found
/home/ec2-user/welcome.sh: line 2: today: command not found
Sun Apr 11 21:00:02 UTC 2021
/home/ec2-user/welcome.sh: line 1: hi: command not found
/home/ec2-user/welcome.sh: line 2: today: command not found
Sun Apr 11 21:25:01 UTC 2021
/home/ec2-user/welcome.sh: line 1: hi: command not found
/home/ec2-user/welcome.sh: line 2: today: command not found
Sun Apr 11 21:50:01 UTC 2021
/home/ec2-user/welcome.sh: line 1: hi: command not found
/home/ec2-user/welcome.sh: line 2: today: command not found
Mon Apr 12 00:00:01 UTC 2021
/home/ec2-user/welcome.sh: line 1: hi: command not found
/home/ec2-user/welcome.sh: line 2: today: command not found
Mon Apr 12 00:25:01 UTC 2021
/home/ec2-user/welcome.sh: line 1: hi: command not found
/home/ec2-user/welcome.sh: line 2: today: command not found
Mon Apr 12 00:50:01 UTC 2021
c
c
c
c
c
c
c
c
c
c
c
c
c
c
c
c
c
c
c
c
c
c
c
c
c
c
c
c
c
c
c
c
c
c
c
c
c
c
c
c
c
c
c
c
c
c
c
c
c
c
c
c
c
c
c
c
c
c
c
c
c
c
c
c
c
c
c
c
c
c
c
c
c
c
c
c
c
c
c
c
c
c
c
c
c
c
c
c
c
c
c
c
c
c
c
c
c
c
c
c
c
c
c
c
c
c
c
c
c
c
c
c
c
c
c
c
c
c
c
c
c
c
c
c
c
c
c
c
c
c
c
c
c
c
